This is pdfTeX, Version 3.1415926-2.3-1.40.12 (MiKTeX 2.9) (preloaded format=pdflatex 2012.8.24)  5 NOV 2012 15:05
entering extended mode
**Thesis.tex
(F:\WorkingFolder\thesisreport\Thesis.tex
LaTeX2e <2011/06/27>
Babel <v3.8m> and hyphenation patterns for english, afrikaans, ancientgreek, ar
abic, armenian, assamese, basque, bengali, bokmal, bulgarian, catalan, coptic, 
croatian, czech, danish, dutch, esperanto, estonian, farsi, finnish, french, ga
lician, german, german-x-2009-06-19, greek, gujarati, hindi, hungarian, iceland
ic, indonesian, interlingua, irish, italian, kannada, kurmanji, lao, latin, lat
vian, lithuanian, malayalam, marathi, mongolian, mongolianlmc, monogreek, ngerm
an, ngerman-x-2009-06-19, nynorsk, oriya, panjabi, pinyin, polish, portuguese, 
romanian, russian, sanskrit, serbian, slovak, slovenian, spanish, swedish, swis
sgerman, tamil, telugu, turkish, turkmen, ukenglish, ukrainian, uppersorbian, u
senglishmax, welsh, loaded.
("C:\Program Files (x86)\MikTex\tex\latex\base\book.cls"
Document Class: book 2007/10/19 v1.4h Standard LaTeX document class
("C:\Program Files (x86)\MikTex\tex\latex\base\bk11.clo"
File: bk11.clo 2007/10/19 v1.4h Standard LaTeX file (size option)
)
\c@part=\count79
\c@chapter=\count80
\c@section=\count81
\c@subsection=\count82
\c@subsubsection=\count83
\c@paragraph=\count84
\c@subparagraph=\count85
\c@figure=\count86
\c@table=\count87
\abovecaptionskip=\skip41
\belowcaptionskip=\skip42
\bibindent=\dimen102
)
("C:\Program Files (x86)\MikTex\tex\latex\ams\math\amsmath.sty"
Package: amsmath 2000/07/18 v2.13 AMS math features
\@mathmargin=\skip43

For additional information on amsmath, use the `?' option.
("C:\Program Files (x86)\MikTex\tex\latex\ams\math\amstext.sty"
Package: amstext 2000/06/29 v2.01

("C:\Program Files (x86)\MikTex\tex\latex\ams\math\amsgen.sty"
File: amsgen.sty 1999/11/30 v2.0
\@emptytoks=\toks14
\ex@=\dimen103
))
("C:\Program Files (x86)\MikTex\tex\latex\ams\math\amsbsy.sty"
Package: amsbsy 1999/11/29 v1.2d
\pmbraise@=\dimen104
)
("C:\Program Files (x86)\MikTex\tex\latex\ams\math\amsopn.sty"
Package: amsopn 1999/12/14 v2.01 operator names
)
\inf@bad=\count88
LaTeX Info: Redefining \frac on input line 211.
\uproot@=\count89
\leftroot@=\count90
LaTeX Info: Redefining \overline on input line 307.
\classnum@=\count91
\DOTSCASE@=\count92
LaTeX Info: Redefining \ldots on input line 379.
LaTeX Info: Redefining \dots on input line 382.
LaTeX Info: Redefining \cdots on input line 467.
\Mathstrutbox@=\box26
\strutbox@=\box27
\big@size=\dimen105
LaTeX Font Info:    Redeclaring font encoding OML on input line 567.
LaTeX Font Info:    Redeclaring font encoding OMS on input line 568.
\macc@depth=\count93
\c@MaxMatrixCols=\count94
\dotsspace@=\muskip10
\c@parentequation=\count95
\dspbrk@lvl=\count96
\tag@help=\toks15
\row@=\count97
\column@=\count98
\maxfields@=\count99
\andhelp@=\toks16
\eqnshift@=\dimen106
\alignsep@=\dimen107
\tagshift@=\dimen108
\tagwidth@=\dimen109
\totwidth@=\dimen110
\lineht@=\dimen111
\@envbody=\toks17
\multlinegap=\skip44
\multlinetaggap=\skip45
\mathdisplay@stack=\toks18
LaTeX Info: Redefining \[ on input line 2666.
LaTeX Info: Redefining \] on input line 2667.
)
("C:\Program Files (x86)\MikTex\tex\latex\graphics\graphicx.sty"
Package: graphicx 1999/02/16 v1.0f Enhanced LaTeX Graphics (DPC,SPQR)

("C:\Program Files (x86)\MikTex\tex\latex\graphics\keyval.sty"
Package: keyval 1999/03/16 v1.13 key=value parser (DPC)
\KV@toks@=\toks19
)
("C:\Program Files (x86)\MikTex\tex\latex\graphics\graphics.sty"
Package: graphics 2009/02/05 v1.0o Standard LaTeX Graphics (DPC,SPQR)

("C:\Program Files (x86)\MikTex\tex\latex\graphics\trig.sty"
Package: trig 1999/03/16 v1.09 sin cos tan (DPC)
)
("C:\Program Files (x86)\MikTex\tex\latex\00miktex\graphics.cfg"
File: graphics.cfg 2007/01/18 v1.5 graphics configuration of teTeX/TeXLive
)
Package graphics Info: Driver file: pdftex.def on input line 91.

("C:\Program Files (x86)\MikTex\tex\latex\pdftex-def\pdftex.def"
File: pdftex.def 2011/05/27 v0.06d Graphics/color for pdfTeX

("C:\Program Files (x86)\MikTex\tex\generic\oberdiek\infwarerr.sty"
Package: infwarerr 2010/04/08 v1.3 Providing info/warning/message (HO)
)
("C:\Program Files (x86)\MikTex\tex\generic\oberdiek\ltxcmds.sty"
Package: ltxcmds 2011/04/18 v1.20 LaTeX kernel commands for general use (HO)
)
\Gread@gobject=\count100
))
\Gin@req@height=\dimen112
\Gin@req@width=\dimen113
)
("C:\Program Files (x86)\MikTex\tex\latex\wrapfig\wrapfig.sty"
\wrapoverhang=\dimen114
\WF@size=\dimen115
\c@WF@wrappedlines=\count101
\WF@box=\box28
\WF@everypar=\toks20
Package: wrapfig 2003/01/31  v 3.6
)
("C:\Program Files (x86)\MikTex\tex\latex\subfig\subfig.sty"
Package: subfig 2005/06/28 ver: 1.3 subfig package

("C:\Program Files (x86)\MikTex\tex\latex\caption\caption.sty"
Package: caption 2012/02/19 v3.2f Customizing captions (AR)

("C:\Program Files (x86)\MikTex\tex\latex\caption\caption3.sty"
Package: caption3 2012/01/12 v1.4b caption3 kernel (AR)
\captionmargin=\dimen116
\captionmargin@=\dimen117
\captionwidth=\dimen118
\caption@indent=\dimen119
\caption@parindent=\dimen120
\caption@hangindent=\dimen121
)
\c@ContinuedFloat=\count102
Package caption Info: wrapfig package is loaded.
)
\c@KVtest=\count103
\sf@farskip=\skip46
\sf@captopadj=\dimen122
\sf@capskip=\skip47
\sf@nearskip=\skip48
\c@subfigure=\count104
\c@subfigure@save=\count105
\c@lofdepth=\count106
\c@subtable=\count107
\c@subtable@save=\count108
\c@lotdepth=\count109
\sf@top=\skip49
\sf@bottom=\skip50
)
("C:\Program Files (x86)\MikTex\tex\latex\pgf\frontendlayer\tikz.sty"
("C:\Program Files (x86)\MikTex\tex\latex\pgf\basiclayer\pgf.sty"
("C:\Program Files (x86)\MikTex\tex\latex\pgf\utilities\pgfrcs.sty"
("C:\Program Files (x86)\MikTex\tex\generic\pgf\utilities\pgfutil-common.tex"
\pgfutil@everybye=\toks21
)
("C:\Program Files (x86)\MikTex\tex\generic\pgf\utilities\pgfutil-latex.def"
\pgfutil@abb=\box29

("C:\Program Files (x86)\MikTex\tex\latex\ms\everyshi.sty"
Package: everyshi 2001/05/15 v3.00 EveryShipout Package (MS)
))
("C:\Program Files (x86)\MikTex\tex\generic\pgf\utilities\pgfrcs.code.tex"
Package: pgfrcs 2010/10/25 v2.10 (rcs-revision 1.24)
))
Package: pgf 2008/01/15 v2.10 (rcs-revision 1.12)

("C:\Program Files (x86)\MikTex\tex\latex\pgf\basiclayer\pgfcore.sty"
("C:\Program Files (x86)\MikTex\tex\latex\pgf\systemlayer\pgfsys.sty"
("C:\Program Files (x86)\MikTex\tex\generic\pgf\systemlayer\pgfsys.code.tex"
Package: pgfsys 2010/06/30 v2.10 (rcs-revision 1.37)

("C:\Program Files (x86)\MikTex\tex\generic\pgf\utilities\pgfkeys.code.tex"
\pgfkeys@pathtoks=\toks22
\pgfkeys@temptoks=\toks23

("C:\Program Files (x86)\MikTex\tex\generic\pgf\utilities\pgfkeysfiltered.code.
tex"
\pgfkeys@tmptoks=\toks24
))
\pgf@x=\dimen123
\pgf@y=\dimen124
\pgf@xa=\dimen125
\pgf@ya=\dimen126
\pgf@xb=\dimen127
\pgf@yb=\dimen128
\pgf@xc=\dimen129
\pgf@yc=\dimen130
\w@pgf@writea=\write3
\r@pgf@reada=\read1
\c@pgf@counta=\count110
\c@pgf@countb=\count111
\c@pgf@countc=\count112
\c@pgf@countd=\count113
 ("C:\Program Files (x86)\MikTex\tex\generic\pgf\systemlayer\pgf.cfg"
File: pgf.cfg 2008/05/14  (rcs-revision 1.7)
)
Package pgfsys Info: Driver file for pgf: pgfsys-pdftex.def on input line 900.

("C:\Program Files (x86)\MikTex\tex\generic\pgf\systemlayer\pgfsys-pdftex.def"
File: pgfsys-pdftex.def 2009/05/22  (rcs-revision 1.26)

("C:\Program Files (x86)\MikTex\tex\generic\pgf\systemlayer\pgfsys-common-pdf.d
ef"
File: pgfsys-common-pdf.def 2008/05/19  (rcs-revision 1.10)
)))
("C:\Program Files (x86)\MikTex\tex\generic\pgf\systemlayer\pgfsyssoftpath.code
.tex"
File: pgfsyssoftpath.code.tex 2008/07/18  (rcs-revision 1.7)
\pgfsyssoftpath@smallbuffer@items=\count114
\pgfsyssoftpath@bigbuffer@items=\count115
)
("C:\Program Files (x86)\MikTex\tex\generic\pgf\systemlayer\pgfsysprotocol.code
.tex"
File: pgfsysprotocol.code.tex 2006/10/16  (rcs-revision 1.4)
)) ("C:\Program Files (x86)\MikTex\tex\latex\xcolor\xcolor.sty"
Package: xcolor 2007/01/21 v2.11 LaTeX color extensions (UK)

("C:\Program Files (x86)\MikTex\tex\latex\00miktex\color.cfg"
File: color.cfg 2007/01/18 v1.5 color configuration of teTeX/TeXLive
)
Package xcolor Info: Driver file: pdftex.def on input line 225.
Package xcolor Info: Model `cmy' substituted by `cmy0' on input line 1337.
Package xcolor Info: Model `hsb' substituted by `rgb' on input line 1341.
Package xcolor Info: Model `RGB' extended on input line 1353.
Package xcolor Info: Model `HTML' substituted by `rgb' on input line 1355.
Package xcolor Info: Model `Hsb' substituted by `hsb' on input line 1356.
Package xcolor Info: Model `tHsb' substituted by `hsb' on input line 1357.
Package xcolor Info: Model `HSB' substituted by `hsb' on input line 1358.
Package xcolor Info: Model `Gray' substituted by `gray' on input line 1359.
Package xcolor Info: Model `wave' substituted by `hsb' on input line 1360.
)
("C:\Program Files (x86)\MikTex\tex\generic\pgf\basiclayer\pgfcore.code.tex"
Package: pgfcore 2010/04/11 v2.10 (rcs-revision 1.7)

("C:\Program Files (x86)\MikTex\tex\generic\pgf\math\pgfmath.code.tex"
("C:\Program Files (x86)\MikTex\tex\generic\pgf\math\pgfmathcalc.code.tex"
("C:\Program Files (x86)\MikTex\tex\generic\pgf\math\pgfmathutil.code.tex")
("C:\Program Files (x86)\MikTex\tex\generic\pgf\math\pgfmathparser.code.tex"
\pgfmath@dimen=\dimen131
\pgfmath@count=\count116
\pgfmath@box=\box30
\pgfmath@toks=\toks25
\pgfmath@stack@operand=\toks26
\pgfmath@stack@operation=\toks27
)
("C:\Program Files (x86)\MikTex\tex\generic\pgf\math\pgfmathfunctions.code.tex"

("C:\Program Files (x86)\MikTex\tex\generic\pgf\math\pgfmathfunctions.basic.cod
e.tex")
("C:\Program Files (x86)\MikTex\tex\generic\pgf\math\pgfmathfunctions.trigonome
tric.code.tex")
("C:\Program Files (x86)\MikTex\tex\generic\pgf\math\pgfmathfunctions.random.co
de.tex")
("C:\Program Files (x86)\MikTex\tex\generic\pgf\math\pgfmathfunctions.compariso
n.code.tex")
("C:\Program Files (x86)\MikTex\tex\generic\pgf\math\pgfmathfunctions.base.code
.tex")
("C:\Program Files (x86)\MikTex\tex\generic\pgf\math\pgfmathfunctions.round.cod
e.tex")
("C:\Program Files (x86)\MikTex\tex\generic\pgf\math\pgfmathfunctions.misc.code
.tex")))
("C:\Program Files (x86)\MikTex\tex\generic\pgf\math\pgfmathfloat.code.tex"
\c@pgfmathroundto@lastzeros=\count117
))
("C:\Program Files (x86)\MikTex\tex\generic\pgf\basiclayer\pgfcorepoints.code.t
ex"
File: pgfcorepoints.code.tex 2010/04/09  (rcs-revision 1.20)
\pgf@picminx=\dimen132
\pgf@picmaxx=\dimen133
\pgf@picminy=\dimen134
\pgf@picmaxy=\dimen135
\pgf@pathminx=\dimen136
\pgf@pathmaxx=\dimen137
\pgf@pathminy=\dimen138
\pgf@pathmaxy=\dimen139
\pgf@xx=\dimen140
\pgf@xy=\dimen141
\pgf@yx=\dimen142
\pgf@yy=\dimen143
\pgf@zx=\dimen144
\pgf@zy=\dimen145
)
("C:\Program Files (x86)\MikTex\tex\generic\pgf\basiclayer\pgfcorepathconstruct
.code.tex"
File: pgfcorepathconstruct.code.tex 2010/08/03  (rcs-revision 1.24)
\pgf@path@lastx=\dimen146
\pgf@path@lasty=\dimen147
)
("C:\Program Files (x86)\MikTex\tex\generic\pgf\basiclayer\pgfcorepathusage.cod
e.tex"
File: pgfcorepathusage.code.tex 2008/04/22  (rcs-revision 1.12)
\pgf@shorten@end@additional=\dimen148
\pgf@shorten@start@additional=\dimen149
)
("C:\Program Files (x86)\MikTex\tex\generic\pgf\basiclayer\pgfcorescopes.code.t
ex"
File: pgfcorescopes.code.tex 2010/09/08  (rcs-revision 1.34)
\pgfpic=\box31
\pgf@hbox=\box32
\pgf@layerbox@main=\box33
\pgf@picture@serial@count=\count118
)
("C:\Program Files (x86)\MikTex\tex\generic\pgf\basiclayer\pgfcoregraphicstate.
code.tex"
File: pgfcoregraphicstate.code.tex 2008/04/22  (rcs-revision 1.9)
\pgflinewidth=\dimen150
)
("C:\Program Files (x86)\MikTex\tex\generic\pgf\basiclayer\pgfcoretransformatio
ns.code.tex"
File: pgfcoretransformations.code.tex 2009/06/10  (rcs-revision 1.11)
\pgf@pt@x=\dimen151
\pgf@pt@y=\dimen152
\pgf@pt@temp=\dimen153
)
("C:\Program Files (x86)\MikTex\tex\generic\pgf\basiclayer\pgfcorequick.code.te
x"
File: pgfcorequick.code.tex 2008/10/09  (rcs-revision 1.3)
)
("C:\Program Files (x86)\MikTex\tex\generic\pgf\basiclayer\pgfcoreobjects.code.
tex"
File: pgfcoreobjects.code.tex 2006/10/11  (rcs-revision 1.2)
)
("C:\Program Files (x86)\MikTex\tex\generic\pgf\basiclayer\pgfcorepathprocessin
g.code.tex"
File: pgfcorepathprocessing.code.tex 2008/10/09  (rcs-revision 1.8)
)
("C:\Program Files (x86)\MikTex\tex\generic\pgf\basiclayer\pgfcorearrows.code.t
ex"
File: pgfcorearrows.code.tex 2008/04/23  (rcs-revision 1.11)
)
("C:\Program Files (x86)\MikTex\tex\generic\pgf\basiclayer\pgfcoreshade.code.te
x"
File: pgfcoreshade.code.tex 2008/11/23  (rcs-revision 1.13)
\pgf@max=\dimen154
\pgf@sys@shading@range@num=\count119
)
("C:\Program Files (x86)\MikTex\tex\generic\pgf\basiclayer\pgfcoreimage.code.te
x"
File: pgfcoreimage.code.tex 2010/03/25  (rcs-revision 1.16)

("C:\Program Files (x86)\MikTex\tex\generic\pgf\basiclayer\pgfcoreexternal.code
.tex"
File: pgfcoreexternal.code.tex 2010/09/01  (rcs-revision 1.17)
\pgfexternal@startupbox=\box34
))
("C:\Program Files (x86)\MikTex\tex\generic\pgf\basiclayer\pgfcorelayers.code.t
ex"
File: pgfcorelayers.code.tex 2010/08/27  (rcs-revision 1.2)
)
("C:\Program Files (x86)\MikTex\tex\generic\pgf\basiclayer\pgfcoretransparency.
code.tex"
File: pgfcoretransparency.code.tex 2008/01/17  (rcs-revision 1.2)
)
("C:\Program Files (x86)\MikTex\tex\generic\pgf\basiclayer\pgfcorepatterns.code
.tex"
File: pgfcorepatterns.code.tex 2009/07/02  (rcs-revision 1.3)
)))
("C:\Program Files (x86)\MikTex\tex\generic\pgf\modules\pgfmoduleshapes.code.te
x"
File: pgfmoduleshapes.code.tex 2010/09/09  (rcs-revision 1.13)
\pgfnodeparttextbox=\box35
)
("C:\Program Files (x86)\MikTex\tex\generic\pgf\modules\pgfmoduleplot.code.tex"
File: pgfmoduleplot.code.tex 2010/10/22  (rcs-revision 1.8)
)
("C:\Program Files (x86)\MikTex\tex\latex\pgf\compatibility\pgfcomp-version-0-6
5.sty"
Package: pgfcomp-version-0-65 2007/07/03 v2.10 (rcs-revision 1.7)
\pgf@nodesepstart=\dimen155
\pgf@nodesepend=\dimen156
)
("C:\Program Files (x86)\MikTex\tex\latex\pgf\compatibility\pgfcomp-version-1-1
8.sty"
Package: pgfcomp-version-1-18 2007/07/23 v2.10 (rcs-revision 1.1)
)) ("C:\Program Files (x86)\MikTex\tex\latex\pgf\utilities\pgffor.sty"
("C:\Program Files (x86)\MikTex\tex\latex\pgf\utilities\pgfkeys.sty"
("C:\Program Files (x86)\MikTex\tex\generic\pgf\utilities\pgfkeys.code.tex"))
("C:\Program Files (x86)\MikTex\tex\generic\pgf\utilities\pgffor.code.tex"
Package: pgffor 2010/03/23 v2.10 (rcs-revision 1.18)
\pgffor@iter=\dimen157
\pgffor@skip=\dimen158
\pgffor@stack=\toks28
\pgffor@toks=\toks29
))
("C:\Program Files (x86)\MikTex\tex\generic\pgf\frontendlayer\tikz\tikz.code.te
x"
Package: tikz 2010/10/13 v2.10 (rcs-revision 1.76)

("C:\Program Files (x86)\MikTex\tex\generic\pgf\libraries\pgflibraryplothandler
s.code.tex"
File: pgflibraryplothandlers.code.tex 2010/05/31 v2.10 (rcs-revision 1.15)
\pgf@plot@mark@count=\count120
\pgfplotmarksize=\dimen159
)
\tikz@lastx=\dimen160
\tikz@lasty=\dimen161
\tikz@lastxsaved=\dimen162
\tikz@lastysaved=\dimen163
\tikzleveldistance=\dimen164
\tikzsiblingdistance=\dimen165
\tikz@figbox=\box36
\tikz@tempbox=\box37
\tikztreelevel=\count121
\tikznumberofchildren=\count122
\tikznumberofcurrentchild=\count123
\tikz@fig@count=\count124

("C:\Program Files (x86)\MikTex\tex\generic\pgf\modules\pgfmodulematrix.code.te
x"
File: pgfmodulematrix.code.tex 2010/08/24  (rcs-revision 1.4)
\pgfmatrixcurrentrow=\count125
\pgfmatrixcurrentcolumn=\count126
\pgf@matrix@numberofcolumns=\count127
)
\tikz@expandcount=\count128

("C:\Program Files (x86)\MikTex\tex\generic\pgf\frontendlayer\tikz\libraries\ti
kzlibrarytopaths.code.tex"
File: tikzlibrarytopaths.code.tex 2008/06/17 v2.10 (rcs-revision 1.2)
)))
("C:\Program Files (x86)\MikTex\tex\latex\multirow\multirow.sty"
\bigstrutjot=\dimen166
)
("C:\Program Files (x86)\MikTex\tex\latex\float\float.sty"
Package: float 2001/11/08 v1.3d Float enhancements (AL)
\c@float@type=\count129
\float@exts=\toks30
\float@box=\box38
\@float@everytoks=\toks31
\@floatcapt=\box39
)
("C:\Program Files (x86)\MikTex\tex\latex\natbib\natbib.sty"
Package: natbib 2010/09/13 8.31b (PWD, AO)
\bibhang=\skip51
\bibsep=\skip52
LaTeX Info: Redefining \cite on input line 694.
\c@NAT@ctr=\count130
)
("C:\Program Files (x86)\MikTex\tex\latex\oberdiek\epstopdf.sty"
Package: epstopdf 2010/02/09 v2.5 Conversion with epstopdf on the fly (HO)

("C:\Program Files (x86)\MikTex\tex\latex\oberdiek\epstopdf-base.sty"
Package: epstopdf-base 2010/02/09 v2.5 Base part for package epstopdf

("C:\Program Files (x86)\MikTex\tex\latex\oberdiek\grfext.sty"
Package: grfext 2010/08/19 v1.1 Managing graphics extensions (HO)

("C:\Program Files (x86)\MikTex\tex\generic\oberdiek\kvdefinekeys.sty"
Package: kvdefinekeys 2011/04/07 v1.3 Defining keys (HO)
))
("C:\Program Files (x86)\MikTex\tex\latex\oberdiek\kvoptions.sty"
Package: kvoptions 2010/12/23 v3.10 Keyval support for LaTeX options (HO)

("C:\Program Files (x86)\MikTex\tex\generic\oberdiek\kvsetkeys.sty"
Package: kvsetkeys 2011/04/07 v1.13 Key value parser (HO)

("C:\Program Files (x86)\MikTex\tex\generic\oberdiek\etexcmds.sty"
Package: etexcmds 2011/02/16 v1.5 Prefix for e-TeX command names (HO)

("C:\Program Files (x86)\MikTex\tex\generic\oberdiek\ifluatex.sty"
Package: ifluatex 2010/03/01 v1.3 Provides the ifluatex switch (HO)
Package ifluatex Info: LuaTeX not detected.
)
Package etexcmds Info: Could not find \expanded.
(etexcmds)             That can mean that you are not using pdfTeX 1.50 or
(etexcmds)             that some package has redefined \expanded.
(etexcmds)             In the latter case, load this package earlier.
)))
("C:\Program Files (x86)\MikTex\tex\generic\oberdiek\pdftexcmds.sty"
Package: pdftexcmds 2011/04/22 v0.16 Utilities of pdfTeX for LuaTeX (HO)

("C:\Program Files (x86)\MikTex\tex\generic\oberdiek\ifpdf.sty"
Package: ifpdf 2011/01/30 v2.3 Provides the ifpdf switch (HO)
Package ifpdf Info: pdfTeX in PDF mode is detected.
)
Package pdftexcmds Info: LuaTeX not detected.
Package pdftexcmds Info: \pdf@primitive is available.
Package pdftexcmds Info: \pdf@ifprimitive is available.
Package pdftexcmds Info: \pdfdraftmode found.
)
Package grfext Info: Graphics extension search list:
(grfext)             [.png,.pdf,.jpg,.mps,.jpeg,.jbig2,.jb2,.PNG,.PDF,.JPG,.JPE
G,.JBIG2,.JB2,.eps]
(grfext)             \AppendGraphicsExtensions on input line 452.
))
("C:\Program Files (x86)\MikTex\tex\latex\tools\xspace.sty"
Package: xspace 2009/10/20 v1.13 Space after command names (DPC,MH)
)
("C:\Program Files (x86)\MikTex\tex\latex\pdfpages\pdfpages.sty"
Package: pdfpages 2012/04/03 v0.4s Insert pages of external PDF documents (AM)

("C:\Program Files (x86)\MikTex\tex\latex\base\ifthen.sty"
Package: ifthen 2001/05/26 v1.1c Standard LaTeX ifthen package (DPC)
)
("C:\Program Files (x86)\MikTex\tex\latex\tools\calc.sty"
Package: calc 2007/08/22 v4.3 Infix arithmetic (KKT,FJ)
\calc@Acount=\count131
\calc@Bcount=\count132
\calc@Adimen=\dimen167
\calc@Bdimen=\dimen168
\calc@Askip=\skip53
\calc@Bskip=\skip54
LaTeX Info: Redefining \setlength on input line 76.
LaTeX Info: Redefining \addtolength on input line 77.
\calc@Ccount=\count133
\calc@Cskip=\skip55
)
("C:\Program Files (x86)\MikTex\tex\latex\eso-pic\eso-pic.sty"
Package: eso-pic 2010/10/06 v2.0c eso-pic (RN)

("C:\Program Files (x86)\MikTex\tex\generic\oberdiek\atbegshi.sty"
Package: atbegshi 2011/01/30 v1.15 At begin shipout hook (HO)
))
("C:\Program Files (x86)\MikTex\tex\latex\pdfpages\pppdftex.def"
File: pppdftex.def 2012/04/03 v0.4s Pdfpages driver for pdfTeX (AM)
)
\AM@pagebox=\box40
\AM@toc@title=\toks32
\c@AM@survey=\count134
\AM@templatesizebox=\box41
)
\@float@every@figure=\toks33

("C:\Program Files (x86)\MikTex\tex\generic\pgf\frontendlayer\tikz\libraries\ti
kzlibraryshapes.code.tex"
File: tikzlibraryshapes.code.tex 2008/01/09 v2.10 (rcs-revision 1.1)

("C:\Program Files (x86)\MikTex\tex\generic\pgf\frontendlayer\tikz\libraries\ti
kzlibraryshapes.geometric.code.tex"
File: tikzlibraryshapes.geometric.code.tex 2008/01/09 v2.10 (rcs-revision 1.1)

("C:\Program Files (x86)\MikTex\tex\generic\pgf\libraries\shapes\pgflibraryshap
es.geometric.code.tex"
File: pgflibraryshapes.geometric.code.tex 2008/06/26 v2.10 (rcs-revision 1.1)
))
("C:\Program Files (x86)\MikTex\tex\generic\pgf\frontendlayer\tikz\libraries\ti
kzlibraryshapes.misc.code.tex"
File: tikzlibraryshapes.misc.code.tex 2008/01/09 v2.10 (rcs-revision 1.1)

("C:\Program Files (x86)\MikTex\tex\generic\pgf\libraries\shapes\pgflibraryshap
es.misc.code.tex"
File: pgflibraryshapes.misc.code.tex 2008/10/07 v2.10 (rcs-revision 1.3)
))
("C:\Program Files (x86)\MikTex\tex\generic\pgf\frontendlayer\tikz\libraries\ti
kzlibraryshapes.symbols.code.tex"
File: tikzlibraryshapes.symbols.code.tex 2008/01/09 v2.10 (rcs-revision 1.1)

("C:\Program Files (x86)\MikTex\tex\generic\pgf\libraries\shapes\pgflibraryshap
es.symbols.code.tex"
File: pgflibraryshapes.symbols.code.tex 2009/10/27 v2.10 (rcs-revision 1.3)
))
("C:\Program Files (x86)\MikTex\tex\generic\pgf\frontendlayer\tikz\libraries\ti
kzlibraryshapes.arrows.code.tex"
File: tikzlibraryshapes.arrows.code.tex 2008/01/09 v2.10 (rcs-revision 1.1)

("C:\Program Files (x86)\MikTex\tex\generic\pgf\libraries\shapes\pgflibraryshap
es.arrows.code.tex"
File: pgflibraryshapes.arrows.code.tex 2008/06/26 v2.10 (rcs-revision 1.1)
))
("C:\Program Files (x86)\MikTex\tex\generic\pgf\frontendlayer\tikz\libraries\ti
kzlibraryshapes.callouts.code.tex"
("C:\Program Files (x86)\MikTex\tex\generic\pgf\libraries\shapes\pgflibraryshap
es.callouts.code.tex"))
("C:\Program Files (x86)\MikTex\tex\generic\pgf\frontendlayer\tikz\libraries\ti
kzlibraryshapes.multipart.code.tex"
File: tikzlibraryshapes.multipart.code.tex 2008/01/09 v2.10 (rcs-revision 1.1)

("C:\Program Files (x86)\MikTex\tex\generic\pgf\libraries\shapes\pgflibraryshap
es.multipart.code.tex"
File: pgflibraryshapes.multipart.code.tex 2010/01/07 v2.10 (rcs-revision 1.2)
\pgfnodepartlowerbox=\box42
\pgfnodeparttwobox=\box43
\pgfnodepartthreebox=\box44
\pgfnodepartfourbox=\box45
\pgfnodeparttwentybox=\box46
\pgfnodepartnineteenbox=\box47
\pgfnodeparteighteenbox=\box48
\pgfnodepartseventeenbox=\box49
\pgfnodepartsixteenbox=\box50
\pgfnodepartfifteenbox=\box51
\pgfnodepartfourteenbox=\box52
\pgfnodepartthirteenbox=\box53
\pgfnodeparttwelvebox=\box54
\pgfnodepartelevenbox=\box55
\pgfnodeparttenbox=\box56
\pgfnodepartninebox=\box57
\pgfnodeparteightbox=\box58
\pgfnodepartsevenbox=\box59
\pgfnodepartsixbox=\box60
\pgfnodepartfivebox=\box61
)))
("C:\Program Files (x86)\MikTex\tex\generic\pgf\frontendlayer\tikz\libraries\ti
kzlibraryarrows.code.tex"
File: tikzlibraryarrows.code.tex 2008/01/09 v2.10 (rcs-revision 1.1)

("C:\Program Files (x86)\MikTex\tex\generic\pgf\libraries\pgflibraryarrows.code
.tex"
File: pgflibraryarrows.code.tex 2008/10/27 v2.10 (rcs-revision 1.9)
\arrowsize=\dimen169
)) (F:\WorkingFolder\thesisreport\Thesis.aux
(F:\WorkingFolder\thesisreport\1.frontmatter/Dedication.aux)
(F:\WorkingFolder\thesisreport\1.frontmatter/Acknowledgements.aux)
(F:\WorkingFolder\thesisreport\2.mainmatter/1.Introduction/Introduction.aux

LaTeX Warning: Label `eq:' multiply defined.


LaTeX Warning: Label `eq:' multiply defined.

) (F:\WorkingFolder\thesisreport\2.mainmatter/2.Methodology/Methodology.aux

LaTeX Warning: Label `fig:blending-complex-alignment' multiply defined.

) (F:\WorkingFolder\thesisreport\2.mainmatter/Conclusion.aux)
(F:\WorkingFolder\thesisreport\2.mainmatter/Extension.aux))
LaTeX Font Info:    Checking defaults for OML/cmm/m/it on input line 25.
LaTeX Font Info:    ... okay on input line 25.
LaTeX Font Info:    Checking defaults for T1/cmr/m/n on input line 25.
LaTeX Font Info:    ... okay on input line 25.
LaTeX Font Info:    Checking defaults for OT1/cmr/m/n on input line 25.
LaTeX Font Info:    ... okay on input line 25.
LaTeX Font Info:    Checking defaults for OMS/cmsy/m/n on input line 25.
LaTeX Font Info:    ... okay on input line 25.
LaTeX Font Info:    Checking defaults for OMX/cmex/m/n on input line 25.
LaTeX Font Info:    ... okay on input line 25.
LaTeX Font Info:    Checking defaults for U/cmr/m/n on input line 25.
LaTeX Font Info:    ... okay on input line 25.

("C:\Program Files (x86)\MikTex\tex\context\base\supp-pdf.mkii"
[Loading MPS to PDF converter (version 2006.09.02).]
\scratchcounter=\count135
\scratchdimen=\dimen170
\scratchbox=\box62
\nofMPsegments=\count136
\nofMParguments=\count137
\everyMPshowfont=\toks34
\MPscratchCnt=\count138
\MPscratchDim=\dimen171
\MPnumerator=\count139
\makeMPintoPDFobject=\count140
\everyMPtoPDFconversion=\toks35
)
Package caption Info: Begin \AtBeginDocument code.
Package caption Info: subfig package v1.3 is loaded.
Package caption Info: float package is loaded.
Package caption Info: End \AtBeginDocument code.
 ABD: EveryShipout initializing macros
\AtBeginShipoutBox=\box63

<1.frontmatter/TitlePagePDF.pdf, id=6, page=1, 597.45204pt x 845.1575pt>
File: 1.frontmatter/TitlePagePDF.pdf Graphic file (type pdf)

<use 1.frontmatter/TitlePagePDF.pdf, page 1>
Package pdftex.def Info: 1.frontmatter/TitlePagePDF.pdf, page1 used on input li
ne 28.
(pdftex.def)             Requested size: 597.45058pt x 845.15544pt.
File: 1.frontmatter/TitlePagePDF.pdf Graphic file (type pdf)

<use 1.frontmatter/TitlePagePDF.pdf, page 1>
Package pdftex.def Info: 1.frontmatter/TitlePagePDF.pdf, page1 used on input li
ne 28.
(pdftex.def)             Requested size: 597.47792pt x 845.19412pt.
File: 1.frontmatter/TitlePagePDF.pdf Graphic file (type pdf)

<use 1.frontmatter/TitlePagePDF.pdf, page 1>
Package pdftex.def Info: 1.frontmatter/TitlePagePDF.pdf, page1 used on input li
ne 28.
(pdftex.def)             Requested size: 597.47792pt x 845.19412pt.
File: 1.frontmatter/TitlePagePDF.pdf Graphic file (type pdf)

<use 1.frontmatter/TitlePagePDF.pdf, page 1>
Package pdftex.def Info: 1.frontmatter/TitlePagePDF.pdf, page1 used on input li
ne 28.
(pdftex.def)             Requested size: 597.47792pt x 845.19412pt.
File: 1.frontmatter/TitlePagePDF.pdf Graphic file (type pdf)

<use 1.frontmatter/TitlePagePDF.pdf, page 1>
Package pdftex.def Info: 1.frontmatter/TitlePagePDF.pdf, page1 used on input li
ne 28.
(pdftex.def)             Requested size: 597.47792pt x 845.19412pt.
 [1


 <F:/WorkingFolder/thesisreport/1.frontmatter/TitlePagePDF.pdf>] [2]
<1.frontmatter/AbstractPDF.pdf, id=34, page=1, 597.23125pt x 845.1575pt>
File: 1.frontmatter/AbstractPDF.pdf Graphic file (type pdf)

<use 1.frontmatter/AbstractPDF.pdf, page 1>
Package pdftex.def Info: 1.frontmatter/AbstractPDF.pdf, page1 used on input lin
e 34.
(pdftex.def)             Requested size: 597.22978pt x 845.15544pt.
File: 1.frontmatter/AbstractPDF.pdf Graphic file (type pdf)

<use 1.frontmatter/AbstractPDF.pdf, page 1>
Package pdftex.def Info: 1.frontmatter/AbstractPDF.pdf, page1 used on input lin
e 34.
(pdftex.def)             Requested size: 597.25711pt x 845.19412pt.
File: 1.frontmatter/AbstractPDF.pdf Graphic file (type pdf)

<use 1.frontmatter/AbstractPDF.pdf, page 1>
Package pdftex.def Info: 1.frontmatter/AbstractPDF.pdf, page1 used on input lin
e 34.
(pdftex.def)             Requested size: 597.25711pt x 845.19412pt.
File: 1.frontmatter/AbstractPDF.pdf Graphic file (type pdf)

<use 1.frontmatter/AbstractPDF.pdf, page 1>
Package pdftex.def Info: 1.frontmatter/AbstractPDF.pdf, page1 used on input lin
e 34.
(pdftex.def)             Requested size: 597.25711pt x 845.19412pt.
File: 1.frontmatter/AbstractPDF.pdf Graphic file (type pdf)

<use 1.frontmatter/AbstractPDF.pdf, page 1>
Package pdftex.def Info: 1.frontmatter/AbstractPDF.pdf, page1 used on input lin
e 34.
(pdftex.def)             Requested size: 597.25711pt x 845.19412pt.
 [3 <F:/WorkingFolder/thesisreport/1.frontmatter/AbstractPDF.pdf>] [4]
(F:\WorkingFolder\thesisreport\1.frontmatter/Dedication.tex)
(F:\WorkingFolder\thesisreport\1.frontmatter/Acknowledgements.tex
Underfull \hbox (badness 10000) in paragraph at lines 2--3

 []


Overfull \hbox (1.86787pt too wide) in paragraph at lines 4--5
\OT1/cmr/m/n/10.95 accepting my thesis proposal. I would like to thank my exami
ner []
 []

) [5




{C:/Users/krishna/AppData/Local/MiKTeX/2.9/pdftex/config/pdftex.map}]
[6


] (F:\WorkingFolder\thesisreport\Thesis.toc [7])
\tf@toc=\write4
 [8]
(F:\WorkingFolder\thesisreport\Thesis.lot)
\tf@lot=\write5
 [9

] [10

]
(F:\WorkingFolder\thesisreport\Thesis.lof [11])
\tf@lof=\write6
 [12]
(F:\WorkingFolder\thesisreport\2.mainmatter/1.Introduction/Introduction.tex
Chapter 1.

Underfull \hbox (badness 10000) in paragraph at lines 4--5

 []


Underfull \hbox (badness 10000) in paragraph at lines 6--7

 []


Overfull \hbox (36.938pt too wide) in paragraph at lines 8--9
\OT1/cmr/m/n/10.95 by combining smaller images are popular since the beginning 
of the photography [[]]. 
 []


Underfull \hbox (badness 10000) in paragraph at lines 8--9

 []


Underfull \hbox (badness 10000) in paragraph at lines 10--11

 []

[13



]
Underfull \hbox (badness 10000) in paragraph at lines 12--13

 []


Overfull \hbox (5.37558pt too wide) in paragraph at lines 14--15
\OT1/cmr/m/n/10.95 This first section of this chapter gives introduction to X-r
ay imaging; describes
 []


Overfull \hbox (1.51695pt too wide) in paragraph at lines 17--18
\OT1/cmr/m/n/10.95 The X-ray technology was developed in 1895 by \OT1/cmr/m/it/
10.95 Wilhelm Roentgen\OT1/cmr/m/n/10.95 , a German
 []


Underfull \hbox (badness 10000) in paragraph at lines 17--18

 []


<2.mainmatter/1.Introduction/figures/x-ray-tube.pdf, id=104, 295.1025pt x 144.5
4pt>
File: 2.mainmatter/1.Introduction/figures/x-ray-tube.pdf Graphic file (type pdf
)
 <use 2.mainmatter/1.Introduction/figures/x-ray-tube.pdf>
Package pdftex.def Info: 2.mainmatter/1.Introduction/figures/x-ray-tube.pdf use
d on input line 21.
(pdftex.def)             Requested size: 251.9989pt x 123.43079pt.

<2.mainmatter/1.Introduction/figures/chest-x-ray.pdf, id=105, 484.81125pt x 546
.04pt>
File: 2.mainmatter/1.Introduction/figures/chest-x-ray.pdf Graphic file (type pd
f)
 <use 2.mainmatter/1.Introduction/figures/chest-x-ray.pdf>
Package pdftex.def Info: 2.mainmatter/1.Introduction/figures/chest-x-ray.pdf us
ed on input line 22.
(pdftex.def)             Requested size: 108.0011pt x 121.63724pt.

Overfull \hbox (7.98128pt too wide) in paragraph at lines 26--27
\OT1/cmr/m/n/10.95 We can use computer-assisted diagnosis methods to digital X-
ray images.
 []

[14]
<2.mainmatter/1.Introduction/figures/X-ray-machine.pdf, id=109, 634.37pt x 845.
1575pt>
File: 2.mainmatter/1.Introduction/figures/X-ray-machine.pdf Graphic file (type 
pdf)
 <use 2.mainmatter/1.Introduction/figures/X-ray-machine.pdf>
Package pdftex.def Info: 2.mainmatter/1.Introduction/figures/X-ray-machine.pdf 
used on input line 34.
(pdftex.def)             Requested size: 180.0pt x 239.80202pt.

<2.mainmatter/1.Introduction/figures/flat-panel.pdf, id=110, 401.5pt x 312.1662
4pt>
File: 2.mainmatter/1.Introduction/figures/flat-panel.pdf Graphic file (type pdf
)
 <use 2.mainmatter/1.Introduction/figures/flat-panel.pdf>
Package pdftex.def Info: 2.mainmatter/1.Introduction/figures/flat-panel.pdf use
d on input line 39.
(pdftex.def)             Requested size: 143.9978pt x 111.96059pt.

Underfull \hbox (badness 10000) in paragraph at lines 44--45

 []

LaTeX Font Info:    Try loading font information for OMS+cmr on input line 48.
("C:\Program Files (x86)\MikTex\tex\latex\base\omscmr.fd"
File: omscmr.fd 1999/05/25 v2.5h Standard LaTeX font definitions
)
LaTeX Font Info:    Font shape `OMS/cmr/m/n' in size <10.95> not available
(Font)              Font shape `OMS/cmsy/m/n' tried instead on input line 48.
 [15 <F:/WorkingFolder/thesisreport/2.mainmatter/1.Introduction/figures/x-ray-t
ube.pdf> <F:/WorkingFolder/thesisreport/2.mainmatter/1.Introduction/figures/che
st-x-ray.pdf>]
Overfull \hbox (4.07779pt too wide) in paragraph at lines 67--68
\OT1/cmr/m/n/10.95 stitching applications which includes large (i.e. high resol
ution) X-ray images.
 []


Overfull \hbox (11.16487pt too wide) in paragraph at lines 67--68
\OT1/cmr/m/n/10.95 the geometric transfor-mation between the images [[]]. Inter
est points (corners)
 []


Underfull \vbox (badness 10000) has occurred while \output is active []

 [16 <F:/WorkingFolder/thesisreport/2.mainmatter/1.Introduction/figures/X-ray-m
achine.pdf> <F:/WorkingFolder/thesisreport/2.mainmatter/1.Introduction/figures/
flat-panel.pdf>]
Overfull \hbox (8.91408pt too wide) in paragraph at lines 74--75
\OT1/cmr/m/n/10.95 methods. The concept of corner detection will be discussed i
n section 3.7[].
 []


Overfull \hbox (1.47803pt too wide) in paragraph at lines 89--90
[]\OT1/cmr/m/n/10.95 Based on the matching points, we estimate the motion
 []

[17]
Overfull \hbox (1.41122pt too wide) in paragraph at lines 100--101
\OT1/cmr/m/n/10.95 Image stitching, in real life medical applications, consists
 of several challenges
 []


Overfull \hbox (3.62787pt too wide) in paragraph at lines 102--103
[]\OT1/cmr/m/n/10.95 If image is noisy, there may be chances that stitching met
hods
 []


Overfull \hbox (12.69446pt too wide) in paragraph at lines 103--104
[]\OT1/cmr/m/n/10.95 The stitching methods are slower, if we don't optimize
 []


Overfull \hbox (12.11806pt too wide) in paragraph at lines 103--104
\OT1/cmr/m/n/10.95 computation (feature based methods) or lengthy process (dire
ct methods)
 []


Overfull \hbox (12.22952pt too wide) in paragraph at lines 104--105
\OT1/cmr/m/n/10.95 variation image intensities resulting inaccurate stitching. 
Again, intensity
 []

[18]
Chapter 2.
(F:\WorkingFolder\thesisreport\2.mainmatter/1.Introduction/RelatedWork.tex
Underfull \hbox (badness 10000) in paragraph at lines 10--11

 []


Underfull \hbox (badness 10000) in paragraph at lines 12--13

 []


Overfull \hbox (10.67827pt too wide) in paragraph at lines 14--15
\OT1/cmr/m/n/10.95 inexpensive method for multi-modal image registration. Their
 method employs
 []


Underfull \hbox (badness 10000) in paragraph at lines 14--15

 []


Overfull \hbox (11.08888pt too wide) in paragraph at lines 18--19
\OT1/cmr/m/n/10.95 templates to match rotated images [[]]. Gavrilla and Philomi
n [[]] implemented
 []


Underfull \hbox (badness 10000) in paragraph at lines 18--19

 []

[19

]
<2.mainmatter/1.Introduction/figures/chamfer-matching.pdf, id=148, 522.75299pt 
x 548.44902pt>
File: 2.mainmatter/1.Introduction/figures/chamfer-matching.pdf Graphic file (ty
pe pdf)
 <use 2.mainmatter/1.Introduction/figures/chamfer-matching.pdf>
Package pdftex.def Info: 2.mainmatter/1.Introduction/figures/chamfer-matching.p
df used on input line 22.
(pdftex.def)             Requested size: 180.0pt x 188.84688pt.

Overfull \hbox (13.59824pt too wide) in paragraph at lines 28--29
\OT1/cmr/m/n/10.95 methods. The computation of globally consistent alignments h
as been discussed
 []


Underfull \hbox (badness 10000) in paragraph at lines 28--29

 []


Overfull \hbox (3.51003pt too wide) in paragraph at lines 31--32
\OT1/cmr/m/n/10.95 points and match these points to each other to get the motio
n parameters [[]].
 []


Overfull \hbox (2.80032pt too wide) in paragraph at lines 31--32
\OT1/cmr/m/n/10.95 been purposed by Rosten et al [[]]. The more robust feature 
points extractors
 []

) [20 <F:/WorkingFolder/thesisreport/2.mainmatter/1.Introduction/figures/chamfe
r-matching.pdf>]
Chapter 3.

(F:\WorkingFolder\thesisreport\2.mainmatter/1.Introduction/BackgroundTheory.tex

Underfull \hbox (badness 10000) in paragraph at lines 5--6

 []


<2.mainmatter/1.Introduction/figures/matrix_image.pdf, id=157, 293.10208pt x 15
4.17601pt>
File: 2.mainmatter/1.Introduction/figures/matrix_image.pdf Graphic file (type p
df)
 <use 2.mainmatter/1.Introduction/figures/matrix_image.pdf>
Package pdftex.def Info: 2.mainmatter/1.Introduction/figures/matrix_image.pdf u
sed on input line 10.
(pdftex.def)             Requested size: 216.0022pt x 113.62263pt.

Overfull \hbox (8.80249pt too wide) in paragraph at lines 7--15
\OT1/cmr/m/n/10.95 The multispectral images contain multiple matrices to repres
ent each spectrum
 []


<2.mainmatter/1.Introduction/figures/Image_Pyramid.pdf, id=158, 350.10799pt x 2
67.39899pt>
File: 2.mainmatter/1.Introduction/figures/Image_Pyramid.pdf Graphic file (type 
pdf)
 <use 2.mainmatter/1.Introduction/figures/Image_Pyramid.pdf>
Package pdftex.def Info: 2.mainmatter/1.Introduction/figures/Image_Pyramid.pdf 
used on input line 23.
(pdftex.def)             Requested size: 360.0pt x 274.96297pt.

Underfull \hbox (badness 10000) in paragraph at lines 20--29

 []

[21

]
Underfull \vbox (badness 3724) has occurred while \output is active []

 [22 <F:/WorkingFolder/thesisreport/2.mainmatter/1.Introduction/figures/matrix_
image.pdf> <F:/WorkingFolder/thesisreport/2.mainmatter/1.Introduction/figures/I
mage_Pyramid.pdf>]
Overfull \hbox (2.90163pt too wide) in paragraph at lines 30--31
\OT1/cmr/m/n/10.95 There are two types of pyramids: low-pass pyramids and band-
pass pyramids.
 []


Overfull \hbox (12.9701pt too wide) in paragraph at lines 41--42
[]\OT1/cmr/m/n/10.95 Histogram equalization is used to enhance contrast
 []


<2.mainmatter/1.Introduction/figures/gray_scale_original.png, id=176, 200.75pt 
x 200.75pt>
File: 2.mainmatter/1.Introduction/figures/gray_scale_original.png Graphic file 
(type png)
 <use 2.mainmatter/1.Introduction/figures/gray_scale_original.png>
Package pdftex.def Info: 2.mainmatter/1.Introduction/figures/gray_scale_origina
l.png used on input line 48.
(pdftex.def)             Requested size: 108.0011pt x 108.00209pt.

<2.mainmatter/1.Introduction/figures/gray_scale_equalized.pdf, id=178, 200.75pt
 x 200.75pt>
File: 2.mainmatter/1.Introduction/figures/gray_scale_equalized.pdf Graphic file
 (type pdf)

<use 2.mainmatter/1.Introduction/figures/gray_scale_equalized.pdf>
Package pdftex.def Info: 2.mainmatter/1.Introduction/figures/gray_scale_equaliz
ed.pdf used on input line 53.
(pdftex.def)             Requested size: 108.0011pt x 108.00209pt.

Overfull \hbox (25.5699pt too wide) in paragraph at lines 64--65
[]\OT1/cmr/m/n/10.95 Look-up table is used to transform brightness
 []

[23 <F:/WorkingFolder/thesisreport/2.mainmatter/1.Introduction/figures/gray_sca
le_original.png> <F:/WorkingFolder/thesisreport/2.mainmatter/1.Introduction/fig
ures/gray_scale_equalized.pdf>]
Overfull \hbox (7.32149pt too wide) in paragraph at lines 66--67
[]\OT1/cmr/m/n/10.95 The brightness of the pixels are represented
 []


Overfull \hbox (18.44466pt too wide) in paragraph at lines 74--76
\OT1/cmr/m/n/10.95 calculate from original and transformed images by matching o
f the corresponding
 []


Overfull \hbox (12.72635pt too wide) in paragraph at lines 98--100
\OT1/cmr/m/n/10.95 The affine transform consists of rotation, translation, scal
ing and skewing. 
 []


Overfull \hbox (9.81763pt too wide) in paragraph at lines 101--103
[]\OT1/cmr/m/it/10.95 Perspective Transform \OT1/cmr/m/n/10.95 The perspective 
transform also called \OT1/cmr/m/it/10.95 homography
 []


Overfull \hbox (27.23509pt too wide) in paragraph at lines 119--120
\OT1/cmr/m/n/10.95 lation, the greater is the loss in geometric influences and 
photometric accuracy [[]].
 []

[24]
Overfull \hbox (17.71468pt too wide) in paragraph at lines 129--130
\OT1/cmr/m/n/10.95 it appropriately, it can reduce the noise while preserving t
he edge information [[]].
 []


Underfull \hbox (badness 10000) in paragraph at lines 132--133

 []


Overfull \hbox (20.66502pt too wide) in paragraph at lines 143--144
\OT1/cmr/m/n/10.95 complicated, so lower resolution scaled image is used for si
mplicity (section 3.1.2[]). 
 []


Underfull \hbox (badness 10000) in paragraph at lines 143--144

 []

[25]
Underfull \hbox (badness 10000) in paragraph at lines 149--150

 []


Underfull \hbox (badness 10000) in paragraph at lines 151--152

 []


Overfull \hbox (4.43771pt too wide) in paragraph at lines 156--157
\OT1/cmr/m/n/10.95 Before we compute the image derivative, we convolve the imag
e with Gaussian
 []

[26]
Overfull \hbox (18.80193pt too wide) in paragraph at lines 170--171
\OT1/cmr/m/n/10.95 The Laplacian of Gaussian (LoG) can be efficiently implement
ed using \OT1/cmr/m/it/10.95 Difference
 []


<2.mainmatter/1.Introduction/figures/DoG-Log.png, id=201, 731.73375pt x 482.552
81pt>
File: 2.mainmatter/1.Introduction/figures/DoG-Log.png Graphic file (type png)
 <use 2.mainmatter/1.Introduction/figures/DoG-Log.png>
Package pdftex.def Info: 2.mainmatter/1.Introduction/figures/DoG-Log.png used o
n input line 177.
(pdftex.def)             Requested size: 360.0pt x 237.41014pt.
 [27 <F:/WorkingFolder/thesisreport/2.mainmatter/1.Introduction/figures/DoG-Log
.png>]
Underfull \hbox (badness 10000) in paragraph at lines 222--223

 []

[28] [29]
<2.mainmatter/1.Introduction/figures/CornerFlowChart.pdf, id=212, 556.47902pt x
 147.752pt>
File: 2.mainmatter/1.Introduction/figures/CornerFlowChart.pdf Graphic file (typ
e pdf)
 <use 2.mainmatter/1.Introduction/figures/CornerFlowChart.pdf>
Package pdftex.def Info: 2.mainmatter/1.Introduction/figures/CornerFlowChart.pd
f used on input line 245.
(pdftex.def)             Requested size: 360.0pt x 95.58449pt.

Overfull \hbox (1.4458pt too wide) in paragraph at lines 251--252
[]\OT1/cmr/m/n/10.95 The cornerness map is now thresholded
 []


Overfull \hbox (2.75069pt too wide) in paragraph at lines 252--253
[]\OT1/cmr/m/n/10.95 The non-maximal suppression is carried
 []

)) [30 <F:/WorkingFolder/thesisreport/2.mainmatter/1.Introduction/figures/Corne
rFlowChart.pdf>]
(F:\WorkingFolder\thesisreport\2.mainmatter/2.Methodology/Methodology.tex
Chapter 4.

(F:\WorkingFolder\thesisreport\2.mainmatter/2.Methodology/FeaturesExtraction/Pr
eprocessing.tex [31



]
<2.mainmatter/2.Methodology/figures/left.png, id=224, 856.70062pt x 1318.17468p
t>
File: 2.mainmatter/2.Methodology/figures/left.png Graphic file (type png)
 <use 2.mainmatter/2.Methodology/figures/left.png>
Package pdftex.def Info: 2.mainmatter/2.Methodology/figures/left.png used on in
put line 14.
(pdftex.def)             Requested size: 128.49954pt x 197.71767pt.

<2.mainmatter/2.Methodology/figures/right.png, id=225, 856.70062pt x 1318.17468
pt>
File: 2.mainmatter/2.Methodology/figures/right.png Graphic file (type png)
 <use 2.mainmatter/2.Methodology/figures/right.png>
Package pdftex.def Info: 2.mainmatter/2.Methodology/figures/right.png used on i
nput line 19.
(pdftex.def)             Requested size: 128.49954pt x 197.71767pt.

Overfull \hbox (15.42401pt too wide) in paragraph at lines 8--23
[]\OT1/cmr/m/n/10.95 Sometimes, if we already know
 []

)
(F:\WorkingFolder\thesisreport\2.mainmatter/2.Methodology/FeaturesExtraction/Fe
atureExtraction.tex
Underfull \vbox (badness 10000) has occurred while \output is active []

 [32 <F:/WorkingFolder/thesisreport/2.mainmatter/2.Methodology/figures/left.png
> <F:/WorkingFolder/thesisreport/2.mainmatter/2.Methodology/figures/right.png>]

(F:\WorkingFolder\thesisreport\2.mainmatter/2.Methodology/FeaturesExtraction/Ha
rris.tex
Underfull \hbox (badness 10000) in paragraph at lines 1--2

 []


Underfull \hbox (badness 10000) in paragraph at lines 3--4

 []


Overfull \hbox (2.3075pt too wide) in paragraph at lines 5--7
\OT1/cmr/bx/n/10.95 Input:\OT1/cmr/m/it/10.95 Gray-scale Image, Gaussian Varian
ce (radius of window=3 x standard
 []


Underfull \hbox (badness 10000) in paragraph at lines 5--7

 []


Underfull \hbox (badness 10000) in paragraph at lines 8--9

 []


Underfull \hbox (badness 10000) in paragraph at lines 35--36

 []

[33])
(F:\WorkingFolder\thesisreport\2.mainmatter/2.Methodology/FeaturesExtraction/SI
FT.tex
Underfull \hbox (badness 10000) in paragraph at lines 1--2

 []


Underfull \hbox (badness 10000) in paragraph at lines 21--23

 []


Underfull \hbox (badness 10000) in paragraph at lines 24--26

 []

[34]
<2.mainmatter/2.Methodology/FeaturesExtraction/figures/SIFT/difference-of-gauss
ian.pdf, id=237, 592.95815pt x 467.80484pt>
File: 2.mainmatter/2.Methodology/FeaturesExtraction/figures/SIFT/difference-of-
gaussian.pdf Graphic file (type pdf)

<use 2.mainmatter/2.Methodology/FeaturesExtraction/figures/SIFT/difference-of-g
aussian.pdf>
Package pdftex.def Info: 2.mainmatter/2.Methodology/FeaturesExtraction/figures/
SIFT/difference-of-gaussian.pdf used on input line 29.
(pdftex.def)             Requested size: 323.9978pt x 255.61598pt.

<2.mainmatter/2.Methodology/FeaturesExtraction/figures/SIFT/maxima-minima-ident
ification.pdf, id=238, 545.23701pt x 468.14899pt>
File: 2.mainmatter/2.Methodology/FeaturesExtraction/figures/SIFT/maxima-minima-
identification.pdf Graphic file (type pdf)

<use 2.mainmatter/2.Methodology/FeaturesExtraction/figures/SIFT/maxima-minima-i
dentification.pdf>
Package pdftex.def Info: 2.mainmatter/2.Methodology/FeaturesExtraction/figures/
SIFT/maxima-minima-identification.pdf used on input line 38.
(pdftex.def)             Requested size: 216.0022pt x 185.45615pt.
 [35 <F:/WorkingFolder/thesisreport/2.mainmatter/2.Methodology/FeaturesExtracti
on/figures/SIFT/difference-of-gaussian.pdf>]
Overfull \hbox (1.47902pt too wide) detected at line 53
\OML/cmm/m/it/10.95 m\OT1/cmr/m/n/10.95 (\OML/cmm/m/it/10.95 x; y\OT1/cmr/m/n/1
0.95 ) = []
 []

[36 <F:/WorkingFolder/thesisreport/2.mainmatter/2.Methodology/FeaturesExtractio
n/figures/SIFT/maxima-minima-identification.pdf>]
<2.mainmatter/2.Methodology/FeaturesExtraction/figures/SIFT/keypoint-descriptor
.pdf, id=253, 513.92pt x 256.96pt>
File: 2.mainmatter/2.Methodology/FeaturesExtraction/figures/SIFT/keypoint-descr
iptor.pdf Graphic file (type pdf)

<use 2.mainmatter/2.Methodology/FeaturesExtraction/figures/SIFT/keypoint-descri
ptor.pdf>
Package pdftex.def Info: 2.mainmatter/2.Methodology/FeaturesExtraction/figures/
SIFT/keypoint-descriptor.pdf used on input line 66.
(pdftex.def)             Requested size: 323.9978pt x 161.99936pt.
)
(F:\WorkingFolder\thesisreport\2.mainmatter/2.Methodology/FeaturesExtraction/SU
RF.tex
Underfull \hbox (badness 10000) in paragraph at lines 1--2

 []

[37 <F:/WorkingFolder/thesisreport/2.mainmatter/2.Methodology/FeaturesExtractio
n/figures/SIFT/keypoint-descriptor.pdf>]
Underfull \hbox (badness 10000) in paragraph at lines 3--4

 []


<2.mainmatter/2.Methodology/FeaturesExtraction/figures/SURF/intensity-calculati
on.pdf, id=262, 591.01216pt x 445.50269pt>
File: 2.mainmatter/2.Methodology/FeaturesExtraction/figures/SURF/intensity-calc
ulation.pdf Graphic file (type pdf)

<use 2.mainmatter/2.Methodology/FeaturesExtraction/figures/SURF/intensity-calcu
lation.pdf>
Package pdftex.def Info: 2.mainmatter/2.Methodology/FeaturesExtraction/figures/
SURF/intensity-calculation.pdf used on input line 16.
(pdftex.def)             Requested size: 216.0022pt x 162.82126pt.

Underfull \hbox (badness 10000) in paragraph at lines 20--21

 []

[38 <F:/WorkingFolder/thesisreport/2.mainmatter/2.Methodology/FeaturesExtractio
n/figures/SURF/intensity-calculation.pdf>]
Overfull \hbox (21.36465pt too wide) in paragraph at lines 48--50
\OT1/cmr/m/n/10.95 here, w is used to balance the expression for the Hessian's 
determinant.
 []


Underfull \hbox (badness 10000) in paragraph at lines 48--50

 []


<2.mainmatter/2.Methodology/FeaturesExtraction/figures/SURF/approx-gaussian-par
tial.pdf, id=270, 577.69746pt x 105.11552pt>
File: 2.mainmatter/2.Methodology/FeaturesExtraction/figures/SURF/approx-gaussia
n-partial.pdf Graphic file (type pdf)

<use 2.mainmatter/2.Methodology/FeaturesExtraction/figures/SURF/approx-gaussian
-partial.pdf>
Package pdftex.def Info: 2.mainmatter/2.Methodology/FeaturesExtraction/figures/
SURF/approx-gaussian-partial.pdf used on input line 53.
(pdftex.def)             Requested size: 360.0pt x 65.50455pt.

Underfull \hbox (badness 10000) in paragraph at lines 57--59

 []


<2.mainmatter/2.Methodology/FeaturesExtraction/figures/SURF/upscaling-integral.
pdf, id=271, 585.96057pt x 229.55736pt>
File: 2.mainmatter/2.Methodology/FeaturesExtraction/figures/SURF/upscaling-inte
gral.pdf Graphic file (type pdf)

<use 2.mainmatter/2.Methodology/FeaturesExtraction/figures/SURF/upscaling-integ
ral.pdf>
Package pdftex.def Info: 2.mainmatter/2.Methodology/FeaturesExtraction/figures/
SURF/upscaling-integral.pdf used on input line 63.
(pdftex.def)             Requested size: 360.0pt x 141.03857pt.

<2.mainmatter/2.Methodology/FeaturesExtraction/figures/SURF/octaves-scales.pdf,
 id=272, 557.28201pt x 303.534pt>
File: 2.mainmatter/2.Methodology/FeaturesExtraction/figures/SURF/octaves-scales
.pdf Graphic file (type pdf)

<use 2.mainmatter/2.Methodology/FeaturesExtraction/figures/SURF/octaves-scales.
pdf>
Package pdftex.def Info: 2.mainmatter/2.Methodology/FeaturesExtraction/figures/
SURF/octaves-scales.pdf used on input line 72.
(pdftex.def)             Requested size: 216.0022pt x 117.65062pt.
 [39 <F:/WorkingFolder/thesisreport/2.mainmatter/2.Methodology/FeaturesExtracti
on/figures/SURF/approx-gaussian-partial.pdf>]
Underfull \hbox (badness 10000) in paragraph at lines 81--82

 []


<2.mainmatter/2.Methodology/FeaturesExtraction/figures/SURF/haar-wavelets.png, 
id=280, 432.86719pt x 178.41656pt>
File: 2.mainmatter/2.Methodology/FeaturesExtraction/figures/SURF/haar-wavelets.
png Graphic file (type png)

<use 2.mainmatter/2.Methodology/FeaturesExtraction/figures/SURF/haar-wavelets.p
ng>
Package pdftex.def Info: 2.mainmatter/2.Methodology/FeaturesExtraction/figures/
SURF/haar-wavelets.png used on input line 85.
(pdftex.def)             Requested size: 360.0pt x 148.38788pt.
 [40 <F:/WorkingFolder/thesisreport/2.mainmatter/2.Methodology/FeaturesExtracti
on/figures/SURF/upscaling-integral.pdf> <F:/WorkingFolder/thesisreport/2.mainma
tter/2.Methodology/FeaturesExtraction/figures/SURF/octaves-scales.pdf>]
<2.mainmatter/2.Methodology/FeaturesExtraction/figures/SURF/orientation-assignm
ent.pdf, id=291, 593.54395pt x 195.58786pt>
File: 2.mainmatter/2.Methodology/FeaturesExtraction/figures/SURF/orientation-as
signment.pdf Graphic file (type pdf)

<use 2.mainmatter/2.Methodology/FeaturesExtraction/figures/SURF/orientation-ass
ignment.pdf>
Package pdftex.def Info: 2.mainmatter/2.Methodology/FeaturesExtraction/figures/
SURF/orientation-assignment.pdf used on input line 97.
(pdftex.def)             Requested size: 360.0pt x 118.63094pt.
 [41 <F:/WorkingFolder/thesisreport/2.mainmatter/2.Methodology/FeaturesExtracti
on/figures/SURF/haar-wavelets.png> <F:/WorkingFolder/thesisreport/2.mainmatter/
2.Methodology/FeaturesExtraction/figures/SURF/orientation-assignment.pdf>]
<2.mainmatter/2.Methodology/FeaturesExtraction/figures/SURF/descriptor-componen
ts.pdf, id=300, 509.905pt x 383.834pt>
File: 2.mainmatter/2.Methodology/FeaturesExtraction/figures/SURF/descriptor-com
ponents.pdf Graphic file (type pdf)

<use 2.mainmatter/2.Methodology/FeaturesExtraction/figures/SURF/descriptor-comp
onents.pdf>
Package pdftex.def Info: 2.mainmatter/2.Methodology/FeaturesExtraction/figures/
SURF/descriptor-components.pdf used on input line 111.
(pdftex.def)             Requested size: 360.0pt x 271.00713pt.
) [42 <F:/WorkingFolder/thesisreport/2.mainmatter/2.Methodology/FeaturesExtract
ion/figures/SURF/descriptor-components.pdf>]
(F:\WorkingFolder\thesisreport\2.mainmatter/2.Methodology/FeaturesExtraction/Re
sults.tex
Overfull \hbox (17.43213pt too wide) in paragraph at lines 11--12
[]\OT1/cmr/m/n/10.95 High computa-tional complexity will take longer
 []


Overfull \hbox (4.69626pt too wide) in paragraph at lines 14--15
\OT1/cmr/m/n/10.95 corner detector should fulfill certain requirements as discu
ssed in section 3.7.1[],
 []


Overfull \hbox (2.81047pt too wide) in paragraph at lines 14--15
\OT1/cmr/m/n/10.95 computa-tional time and repeata-bility rate of key-points fo
r different intensity,
 []


Underfull \hbox (badness 10000) in paragraph at lines 14--15

 []

[43]
Overfull \hbox (5.91179pt too wide) in paragraph at lines 30--45
\OT1/cmr/m/n/10.95 I have estimated the computa-tional time for the feature ext
ractors for different
 []


Underfull \hbox (badness 10000) in paragraph at lines 30--45

 []


<2.mainmatter/2.Methodology/FeaturesExtraction/figures/features-CT.pdf, id=312,
 591.5816pt x 344.83113pt>
File: 2.mainmatter/2.Methodology/FeaturesExtraction/figures/features-CT.pdf Gra
phic file (type pdf)

<use 2.mainmatter/2.Methodology/FeaturesExtraction/figures/features-CT.pdf>
Package pdftex.def Info: 2.mainmatter/2.Methodology/FeaturesExtraction/figures/
features-CT.pdf used on input line 48.
(pdftex.def)             Requested size: 360.0pt x 209.84682pt.

Underfull \hbox (badness 10000) in paragraph at lines 53--54

 []

[44 <F:/WorkingFolder/thesisreport/2.mainmatter/2.Methodology/FeaturesExtractio
n/figures/features-CT.pdf>]
Underfull \hbox (badness 10000) in paragraph at lines 63--65

 []


Overfull \hbox (77.15077pt too wide) in paragraph at lines 69--79
 [][] 
 []


Overfull \hbox (5.1221pt too wide) in paragraph at lines 83--84
\OT1/cmr/m/n/10.95 The stability of the key-point detectors for different image
s has been presented
 []


<2.mainmatter/2.Methodology/FeaturesExtraction/figures/feature-extraction-stabi
lity.pdf, id=320, 596.62903pt x 321.65887pt>
File: 2.mainmatter/2.Methodology/FeaturesExtraction/figures/feature-extraction-
stability.pdf Graphic file (type pdf)

<use 2.mainmatter/2.Methodology/FeaturesExtraction/figures/feature-extraction-s
tability.pdf>
Package pdftex.def Info: 2.mainmatter/2.Methodology/FeaturesExtraction/figures/
feature-extraction-stability.pdf used on input line 102.
(pdftex.def)             Requested size: 360.0pt x 194.08641pt.

Underfull \vbox (badness 2846) has occurred while \output is active []

 [45]
Underfull \hbox (badness 10000) in paragraph at lines 107--108

 []


Overfull \hbox (6.9877pt too wide) in paragraph at lines 109--110
\OT1/cmr/m/n/10.95 In conclusion, Harris corner detector is computa-tionally ef
ficient; but produces
 []


Overfull \hbox (6.52124pt too wide) in paragraph at lines 109--110
\OT1/cmr/m/n/10.95 less stable key-points which means it generates more inaccur
ate or inconsistent
 []

)) [46 <F:/WorkingFolder/thesisreport/2.mainmatter/2.Methodology/FeaturesExtrac
tion/figures/feature-extraction-stability.pdf>]
Chapter 5.
(F:\WorkingFolder\thesisreport\2.mainmatter/2.Methodology/FeaturesMatching.tex
<2.mainmatter/2.Methodology/figures/Knn.pdf, id=331, 495.451pt x 327.624pt>
File: 2.mainmatter/2.Methodology/figures/Knn.pdf Graphic file (type pdf)

<use 2.mainmatter/2.Methodology/figures/Knn.pdf>
Package pdftex.def Info: 2.mainmatter/2.Methodology/figures/Knn.pdf used on inp
ut line 9.
(pdftex.def)             Requested size: 216.0022pt x 142.83522pt.

Underfull \hbox (badness 10000) in paragraph at lines 16--17

 []

[47

] [48 <F:/WorkingFolder/thesisreport/2.mainmatter/2.Methodology/figures/Knn.pdf
>]
Underfull \hbox (badness 10000) in paragraph at lines 35--36

 []

[49]
(F:\WorkingFolder\thesisreport\2.mainmatter/2.Methodology/Results(FeatureMatchi
ng).tex
<2.mainmatter/2.Methodology/figures/SIFT-SURF.pdf, id=346, 545.23701pt x 281.85
298pt>
File: 2.mainmatter/2.Methodology/figures/SIFT-SURF.pdf Graphic file (type pdf)
 <use 2.mainmatter/2.Methodology/figures/SIFT-SURF.pdf>
Package pdftex.def Info: 2.mainmatter/2.Methodology/figures/SIFT-SURF.pdf used 
on input line 8.
(pdftex.def)             Requested size: 431.9989pt x 223.31943pt.

Overfull \hbox (71.9989pt too wide) in paragraph at lines 8--9
 [][] 
 []


Overfull \hbox (1.6814pt too wide) in paragraph at lines 17--18
\OT1/cmr/m/n/10.95 In this section, I will present experi-mental results on kNN
 and ANN matching
 []


Underfull \vbox (badness 3557) has occurred while \output is active []

 [50 <F:/WorkingFolder/thesisreport/2.mainmatter/2.Methodology/figures/SIFT-SUR
F.pdf>]
<2.mainmatter/2.Methodology/figures/kNN-ANN.pdf, id=354, 545.23701pt x 281.8529
8pt>
File: 2.mainmatter/2.Methodology/figures/kNN-ANN.pdf Graphic file (type pdf)
 <use 2.mainmatter/2.Methodology/figures/kNN-ANN.pdf>
Package pdftex.def Info: 2.mainmatter/2.Methodology/figures/kNN-ANN.pdf used on
 input line 21.
(pdftex.def)             Requested size: 468.0011pt x 241.93295pt.

Overfull \hbox (108.0011pt too wide) in paragraph at lines 21--22
 [][] 
 []


Overfull \hbox (2.68877pt too wide) in paragraph at lines 28--29
\OT1/cmr/m/n/10.95 The nearest neighborhood method just gives the closest point
 as the matching
 []


Underfull \hbox (badness 10000) in paragraph at lines 28--29

 []

[51 <F:/WorkingFolder/thesisreport/2.mainmatter/2.Methodology/figures/kNN-ANN.p
df>]
<2.mainmatter/2.Methodology/figures/matches.png, id=362, 1439.3775pt x 1027.84p
t>
File: 2.mainmatter/2.Methodology/figures/matches.png Graphic file (type png)
 <use 2.mainmatter/2.Methodology/figures/matches.png>
Package pdftex.def Info: 2.mainmatter/2.Methodology/figures/matches.png used on
 input line 35.
(pdftex.def)             Requested size: 251.9989pt x 179.93742pt.

<2.mainmatter/2.Methodology/figures/ratio-test.png, id=363, 1439.3775pt x 1027.
84pt>
File: 2.mainmatter/2.Methodology/figures/ratio-test.png Graphic file (type png)

 <use 2.mainmatter/2.Methodology/figures/ratio-test.png>
Package pdftex.def Info: 2.mainmatter/2.Methodology/figures/ratio-test.png used
 on input line 36.
(pdftex.def)             Requested size: 251.9989pt x 179.93742pt.

<2.mainmatter/2.Methodology/figures/symmetry-test.png, id=364, 1439.3775pt x 10
27.84pt>
File: 2.mainmatter/2.Methodology/figures/symmetry-test.png Graphic file (type p
ng)
 <use 2.mainmatter/2.Methodology/figures/symmetry-test.png>
Package pdftex.def Info: 2.mainmatter/2.Methodology/figures/symmetry-test.png u
sed on input line 37.
(pdftex.def)             Requested size: 251.9989pt x 179.93742pt.
)
Underfull \vbox (badness 10000) has occurred while \output is active []

 [52]
Overfull \vbox (53.81201pt too high) has occurred while \output is active []


[53 <F:/WorkingFolder/thesisreport/2.mainmatter/2.Methodology/figures/matches.p
ng (PNG copy)> <F:/WorkingFolder/thesisreport/2.mainmatter/2.Methodology/figure
s/ratio-test.png (PNG copy)> <F:/WorkingFolder/thesisreport/2.mainmatter/2.Meth
odology/figures/symmetry-test.png (PNG copy)>]) [54

]
Chapter 6.

(F:\WorkingFolder\thesisreport\2.mainmatter/2.Methodology/HomographyEstimation.
tex
Underfull \hbox (badness 10000) in paragraph at lines 1--2

 []


Overfull \hbox (9.87726pt too wide) in paragraph at lines 3--4
\OT1/cmr/m/n/10.95 different camera angle; we have to estimate translation, rot
ation and projection
 []


Underfull \hbox (badness 10000) in paragraph at lines 3--4

 []

[55]
Overfull \hbox (8.98503pt too wide) in paragraph at lines 43--45
\OT1/cmr/m/n/10.95 The homography estimation requires 4 corresponding points, a
nd the matching
 []


Overfull \hbox (5.07202pt too wide) in paragraph at lines 47--48
\OT1/cmr/m/n/10.95 RANSAC (Random Sample Consensus) was first purposed by Fisch
ler \OT1/cmr/m/it/10.95 et al \OT1/cmr/m/n/10.95 [[]]
 []


Overfull \hbox (20.36096pt too wide) in paragraph at lines 47--48
\OT1/cmr/m/n/10.95 and it is the most commonly used robust estimation method fo
r homographies [[]].
 []


Overfull \hbox (7.58585pt too wide) in paragraph at lines 47--48
\OT1/cmr/m/n/10.95 of iterations and the iteration which gives largest number o
f inliers is identified.
 []


Underfull \hbox (badness 10000) in paragraph at lines 47--48

 []

[56]
Underfull \hbox (badness 10000) in paragraph at lines 59--61

 []


Underfull \hbox (badness 10000) in paragraph at lines 67--68

 []


Overfull \hbox (29.9713pt too wide) in paragraph at lines 69--70
\OT1/cmr/m/n/10.95 The Least median of Squares (LMS) was first introduced by Pe
ter J. Rousseeuw [[]]
 []


Underfull \hbox (badness 10000) in paragraph at lines 69--70

 []

[57]
(F:\WorkingFolder\thesisreport\2.mainmatter/2.Methodology/Results(HomographyEst
imation).tex
Underfull \hbox (badness 10000) in paragraph at lines 3--4

 []


Overfull \hbox (2.59755pt too wide) in paragraph at lines 8--9
\OT1/cmr/m/n/10.95 inliers (accurate matches), outliers (inaccurate matches) an
d the homography
 []


Overfull \hbox (6.12967pt too wide) in paragraph at lines 8--9
\OT1/cmr/m/n/10.95 matrix $\OML/cmm/m/it/10.95 H$\OT1/cmr/m/n/10.95 . Figure 6.
1[] shows the inlier matches after I obtained using RANSAC
 []


<2.mainmatter/2.Methodology/figures/inliers.png, id=384, 1439.3775pt x 1027.84p
t>
File: 2.mainmatter/2.Methodology/figures/inliers.png Graphic file (type png)
 <use 2.mainmatter/2.Methodology/figures/inliers.png>
Package pdftex.def Info: 2.mainmatter/2.Methodology/figures/inliers.png used on
 input line 11.
(pdftex.def)             Requested size: 359.84349pt x 256.95937pt.

Underfull \vbox (badness 10000) has occurred while \output is active []

 [58]
<2.mainmatter/2.Methodology/figures/Inliers-threshold.pdf, id=388, 584.58403pt 
x 450.01392pt>
File: 2.mainmatter/2.Methodology/figures/Inliers-threshold.pdf Graphic file (ty
pe pdf)
 <use 2.mainmatter/2.Methodology/figures/Inliers-threshold.pdf>
Package pdftex.def Info: 2.mainmatter/2.Methodology/figures/Inliers-threshold.p
df used on input line 21.
(pdftex.def)             Requested size: 360.0pt x 277.138pt.

Underfull \vbox (badness 10000) has occurred while \output is active []

 [59 <F:/WorkingFolder/thesisreport/2.mainmatter/2.Methodology/figures/inliers.
png (PNG copy)>]
Overfull \hbox (2.96251pt too wide) in paragraph at lines 26--27
\OT1/cmr/m/n/10.95 few or sometimes insufficient inliers to guarantee the accur
acy of homography.
 []


Underfull \hbox (badness 10000) in paragraph at lines 26--27

 []

)) [60 <F:/WorkingFolder/thesisreport/2.mainmatter/2.Methodology/figures/Inlier
s-threshold.pdf>]
Chapter 7.
(F:\WorkingFolder\thesisreport\2.mainmatter/2.Methodology/Compositing.tex
Overfull \hbox (1.2175pt too wide) in paragraph at lines 8--9
\OT1/cmr/m/n/10.95 information for faster estimation. A simple example on how t
o compute
 []


Underfull \hbox (badness 10000) in paragraph at lines 8--9

 []

[61

]
Overfull \hbox (19.41362pt too wide) in paragraph at lines 23--24
[]\OT1/cmr/m/n/10.95 Now the corners of the composite image are ($\OML/cmm/m/it
/10.95 x[]$\OT1/cmr/m/n/10.95 , $\OML/cmm/m/it/10.95 y[]$\OT1/cmr/m/n/10.95 ), 
($\OML/cmm/m/it/10.95 x[]$\OT1/cmr/m/n/10.95 ,$\OML/cmm/m/it/10.95 y[]$\OT1/cmr
/m/n/10.95 ),
 []


<2.mainmatter/2.Methodology/figures/Compositing.pdf, id=404, 370.18298pt x 236.
885pt>
File: 2.mainmatter/2.Methodology/figures/Compositing.pdf Graphic file (type pdf
)
 <use 2.mainmatter/2.Methodology/figures/Compositing.pdf>
Package pdftex.def Info: 2.mainmatter/2.Methodology/figures/Compositing.pdf use
d on input line 27.
(pdftex.def)             Requested size: 360.0pt x 230.38179pt.

Overfull \hbox (11.32715pt too wide) in paragraph at lines 35--36
\OT1/cmr/m/n/10.95 completely removing the visible seams [[]], we have to imple
ment exposure
 []

[62 <F:/WorkingFolder/thesisreport/2.mainmatter/2.Methodology/figures/Compositi
ng.pdf>]
<2.mainmatter/2.Methodology/figures/alpha-blending.pdf, id=412, 370.18298pt x 2
36.885pt>
File: 2.mainmatter/2.Methodology/figures/alpha-blending.pdf Graphic file (type 
pdf)
 <use 2.mainmatter/2.Methodology/figures/alpha-blending.pdf>
Package pdftex.def Info: 2.mainmatter/2.Methodology/figures/alpha-blending.pdf 
used on input line 56.
(pdftex.def)             Requested size: 323.9978pt x 207.34253pt.
 [63]
Underfull \hbox (badness 10000) in paragraph at lines 61--62

 []

[64 <F:/WorkingFolder/thesisreport/2.mainmatter/2.Methodology/figures/alpha-ble
nding.pdf>]
Underfull \hbox (badness 10000) in paragraph at lines 84--85

 []


Underfull \hbox (badness 10000) in paragraph at lines 86--87

 []

[65]
Overfull \hbox (32.72835pt too wide) in paragraph at lines 100--111
 [][] 
 []


<2.mainmatter/2.Methodology/figures/raw-composite-image.png, id=426, 368.37625p
t x 969.6225pt>
File: 2.mainmatter/2.Methodology/figures/raw-composite-image.png Graphic file (
type png)

<use 2.mainmatter/2.Methodology/figures/raw-composite-image.png>
Package pdftex.def Info: 2.mainmatter/2.Methodology/figures/raw-composite-image
.png used on input line 119.
(pdftex.def)             Requested size: 110.51372pt x 290.88899pt.

<2.mainmatter/2.Methodology/figures/stitched-image-pyramid-4.png, id=427, 368.3
7625pt x 969.6225pt>
File: 2.mainmatter/2.Methodology/figures/stitched-image-pyramid-4.png Graphic f
ile (type png)

<use 2.mainmatter/2.Methodology/figures/stitched-image-pyramid-4.png>
Package pdftex.def Info: 2.mainmatter/2.Methodology/figures/stitched-image-pyra
mid-4.png used on input line 120.
(pdftex.def)             Requested size: 110.51372pt x 290.88899pt.

<2.mainmatter/2.Methodology/figures/stitched-image-pyramid-2.png, id=428, 368.3
7625pt x 969.6225pt>
File: 2.mainmatter/2.Methodology/figures/stitched-image-pyramid-2.png Graphic f
ile (type png)

<use 2.mainmatter/2.Methodology/figures/stitched-image-pyramid-2.png>
Package pdftex.def Info: 2.mainmatter/2.Methodology/figures/stitched-image-pyra
mid-2.png used on input line 121.
(pdftex.def)             Requested size: 110.51372pt x 290.88899pt.

<2.mainmatter/2.Methodology/figures/stitched-image-alpha.png, id=429, 368.37625
pt x 969.6225pt>
File: 2.mainmatter/2.Methodology/figures/stitched-image-alpha.png Graphic file 
(type png)

<use 2.mainmatter/2.Methodology/figures/stitched-image-alpha.png>
Package pdftex.def Info: 2.mainmatter/2.Methodology/figures/stitched-image-alph
a.png used on input line 122.
(pdftex.def)             Requested size: 110.51372pt x 290.88899pt.

Underfull \vbox (badness 10000) has occurred while \output is active []

 [66]
Overfull \vbox (91.37773pt too high) has occurred while \output is active []


[67 <F:/WorkingFolder/thesisreport/2.mainmatter/2.Methodology/figures/raw-compo
site-image.png> <F:/WorkingFolder/thesisreport/2.mainmatter/2.Methodology/figur
es/stitched-image-pyramid-4.png> <F:/WorkingFolder/thesisreport/2.mainmatter/2.
Methodology/figures/stitched-image-pyramid-2.png> <F:/WorkingFolder/thesisrepor
t/2.mainmatter/2.Methodology/figures/stitched-image-alpha.png>]
Underfull \hbox (badness 10000) in paragraph at lines 128--129

 []


<2.mainmatter/2.Methodology/figures/multi-raw-composite-image.png, id=437, 2291
.56125pt x 1758.57pt>
File: 2.mainmatter/2.Methodology/figures/multi-raw-composite-image.png Graphic 
file (type png)

<use 2.mainmatter/2.Methodology/figures/multi-raw-composite-image.png>
Package pdftex.def Info: 2.mainmatter/2.Methodology/figures/multi-raw-composite
-image.png used on input line 132.
(pdftex.def)             Requested size: 206.23161pt x 158.26447pt.

<2.mainmatter/2.Methodology/figures/single-alpha.png, id=438, 2291.56125pt x 17
58.57pt>
File: 2.mainmatter/2.Methodology/figures/single-alpha.png Graphic file (type pn
g)
 <use 2.mainmatter/2.Methodology/figures/single-alpha.png>
Package pdftex.def Info: 2.mainmatter/2.Methodology/figures/single-alpha.png us
ed on input line 133.
(pdftex.def)             Requested size: 206.23161pt x 158.26447pt.

Overfull \hbox (59.76321pt too wide) in paragraph at lines 132--134
 [][][] 
 []


Underfull \hbox (badness 10000) in paragraph at lines 138--139

 []


<2.mainmatter/2.Methodology/figures/blending-mask-0.png, id=439, 1005.7575pt x 
928.46875pt>
File: 2.mainmatter/2.Methodology/figures/blending-mask-0.png Graphic file (type
 png)
 <use 2.mainmatter/2.Methodology/figures/blending-mask-0.png>
Package pdftex.def Info: 2.mainmatter/2.Methodology/figures/blending-mask-0.png
 used on input line 143.
(pdftex.def)             Requested size: 100.58163pt x 92.85231pt.

<2.mainmatter/2.Methodology/figures/blending-mask-1.png, id=440, 1005.7575pt x 
928.46875pt>
File: 2.mainmatter/2.Methodology/figures/blending-mask-1.png Graphic file (type
 png)
 <use 2.mainmatter/2.Methodology/figures/blending-mask-1.png>
Package pdftex.def Info: 2.mainmatter/2.Methodology/figures/blending-mask-1.png
 used on input line 144.
(pdftex.def)             Requested size: 100.58163pt x 92.85231pt.

<2.mainmatter/2.Methodology/figures/blending-mask-2.png, id=441, 1005.7575pt x 
928.46875pt>
File: 2.mainmatter/2.Methodology/figures/blending-mask-2.png Graphic file (type
 png)
 <use 2.mainmatter/2.Methodology/figures/blending-mask-2.png>
Package pdftex.def Info: 2.mainmatter/2.Methodology/figures/blending-mask-2.png
 used on input line 145.
(pdftex.def)             Requested size: 100.58163pt x 92.85231pt.

<2.mainmatter/2.Methodology/figures/blending-mask-3.png, id=442, 1005.7575pt x 
928.46875pt>
File: 2.mainmatter/2.Methodology/figures/blending-mask-3.png Graphic file (type
 png)
 <use 2.mainmatter/2.Methodology/figures/blending-mask-3.png>
Package pdftex.def Info: 2.mainmatter/2.Methodology/figures/blending-mask-3.png
 used on input line 146.
(pdftex.def)             Requested size: 100.58163pt x 92.85231pt.

Overfull \hbox (56.92651pt too wide) in paragraph at lines 143--147
 [][][][][] 
 []


Underfull \vbox (badness 10000) has occurred while \output is active []

 [68 <F:/WorkingFolder/thesisreport/2.mainmatter/2.Methodology/figures/multi-ra
w-composite-image.png (PNG copy)> <F:/WorkingFolder/thesisreport/2.mainmatter/2
.Methodology/figures/single-alpha.png (PNG copy)>]
<2.mainmatter/2.Methodology/figures/multi-alpha.png, id=446, 2292.565pt x 1758.
57pt>
File: 2.mainmatter/2.Methodology/figures/multi-alpha.png Graphic file (type png
)
 <use 2.mainmatter/2.Methodology/figures/multi-alpha.png>
Package pdftex.def Info: 2.mainmatter/2.Methodology/figures/multi-alpha.png use
d on input line 155.
(pdftex.def)             Requested size: 343.86992pt x 263.77412pt.
)) [69 <F:/WorkingFolder/thesisreport/2.mainmatter/2.Methodology/figures/blendi
ng-mask-0.png (PNG copy)> <F:/WorkingFolder/thesisreport/2.mainmatter/2.Methodo
logy/figures/blending-mask-1.png (PNG copy)> <F:/WorkingFolder/thesisreport/2.m
ainmatter/2.Methodology/figures/blending-mask-2.png (PNG copy)> <F:/WorkingFold
er/thesisreport/2.mainmatter/2.Methodology/figures/blending-mask-3.png (PNG cop
y)> <F:/WorkingFolder/thesisreport/2.mainmatter/2.Methodology/figures/multi-alp
ha.png (PNG copy)>] (F:\WorkingFolder\thesisreport\2.mainmatter/Conclusion.tex 
[70



]
Chapter 8.

Underfull \hbox (badness 10000) in paragraph at lines 2--3

 []


Overfull \hbox (8.04213pt too wide) in paragraph at lines 4--5
\OT1/cmr/m/n/10.95 approximate nearest neighborhood methods are intended to mak
e the stitching
 []


Underfull \hbox (badness 10000) in paragraph at lines 4--5

 []


Underfull \hbox (badness 10000) in paragraph at lines 6--7

 []


Underfull \vbox (badness 1308) has occurred while \output is active []

 [71]
Overfull \hbox (6.45375pt too wide) in paragraph at lines 8--9
\OT1/cmr/m/n/10.95 I have evaluated two popular blending techniques: \OT1/cmr/m
/it/10.95 alpha blending \OT1/cmr/m/n/10.95 and \OT1/cmr/m/it/10.95 pyramid
 []

) [72] (F:\WorkingFolder\thesisreport\2.mainmatter/Extension.tex
Chapter 9.

Overfull \hbox (2.23251pt too wide) in paragraph at lines 3--4
\OT1/cmr/m/n/10.95 The image alignment methods implemented in the current versi
on of stitching
 []


Overfull \hbox (1.03616pt too wide) in paragraph at lines 3--4
\OT1/cmr/m/n/10.95 algorithms to work for very high resolution images. An X-ray
 image generally
 []


Underfull \hbox (badness 10000) in paragraph at lines 3--4

 []

) [73



] [74


] (F:\WorkingFolder\thesisreport\Thesis.bbl
Underfull \hbox (badness 10000) in paragraph at lines 25--29
[]\OT1/cmr/m/n/10.95 Joe Durnavich.  Making sense of the head x-rays.
 []


Underfull \hbox (badness 4995) in paragraph at lines 25--29
\OT1/cmr/m/n/10.95 http://mcadams.posc.mu.edu/xray/reading/reading.htm, apr 201
0.
 []


Underfull \hbox (badness 10000) in paragraph at lines 31--35
[]\OT1/cmr/m/n/10.95 Christopher Evans.  Notes on the opensurf library.
 []


Underfull \hbox (badness 10000) in paragraph at lines 31--35
\OT1/cmr/m/n/10.95 117 SCTR-09-001, University of Bristol, January 2009.
 []


Underfull \hbox (badness 1184) in paragraph at lines 43--48
\OT1/cmr/m/n/10.95 K-nearest neighbor search: Fast gpu-based implemen-tations a
nd
 []


Underfull \hbox (badness 4429) in paragraph at lines 43--48
\OT1/cmr/m/n/10.95 application to high-dimensional feature matching.  In \OT1/c
mr/m/it/10.95 Image
 []


Underfull \hbox (badness 2426) in paragraph at lines 50--56
\OT1/cmr/m/n/10.95 distance transforms.  In \OT1/cmr/m/it/10.95 Proceedings of 
the 14th Interna-tional
 []


Underfull \hbox (badness 1975) in paragraph at lines 58--62
\OT1/cmr/m/n/10.95 ldquo;smart rdquo; vehicles.  In \OT1/cmr/m/it/10.95 Compute
r Vision, 1999. The
 []


Underfull \hbox (badness 3646) in paragraph at lines 58--62
\OT1/cmr/m/it/10.95 Proceedings of the Seventh IEEE Interna-tional Conference o
n\OT1/cmr/m/n/10.95 ,
 []

[75

]
Missing character: There is no  in font cmr10!
Missing character: There is no  in font cmr10!

Underfull \hbox (badness 6641) in paragraph at lines 76--81
[]\OT1/cmr/m/n/10.95 Robert Laganire.  \OT1/cmr/m/it/10.95 OpenCV 2 Computer Vi
sion Application
 []

[76]
Underfull \hbox (badness 3568) in paragraph at lines 135--140
[]\OT1/cmr/m/n/10.95 Donovan Parks and Jean-Philippe Gravel.  Corner detection.

 []


Underfull \hbox (badness 5563) in paragraph at lines 135--140
\OT1/cmr/m/n/10.95 Science and Engineering Research Council of Canada, 2011.
 []


Underfull \hbox (badness 6961) in paragraph at lines 155--159
[]\OT1/cmr/m/n/10.95 Peter J. Rousseeuw.  Least median of squares regression.
 []


Underfull \hbox (badness 2726) in paragraph at lines 155--159
\OT1/cmr/m/it/10.95 The American Statistical Association\OT1/cmr/m/n/10.95 , 79
(388), December 1984.
 []


Underfull \hbox (badness 10000) in paragraph at lines 168--174
[]\OT1/cmr/m/n/10.95 Utkarsha Sinha.  Sift:Scale Invariant Feature Transform.
 []


Underfull \hbox (badness 10000) in paragraph at lines 168--174
\OT1/cmr/m/n/10.95 http://www.aishack.in/2010/05/sift-scale-invariant-feature-
 []


Underfull \hbox (badness 10000) in paragraph at lines 181--185
[]\OT1/cmr/m/n/10.95 Perry Sprawls.  X-ray Image Formation and Contrast.
 []

[77]
Overfull \hbox (49.65211pt too wide) in paragraph at lines 219--223
[]\OT1/cmr/m/n/10.95 Wikipedia.  Google street view.  http://en.wikipedia.org/w
iki/Google[]Street[]View,
 []

) [78] (F:\WorkingFolder\thesisreport\Thesis.aux
(F:\WorkingFolder\thesisreport\1.frontmatter/Dedication.aux)
(F:\WorkingFolder\thesisreport\1.frontmatter/Acknowledgements.aux)
(F:\WorkingFolder\thesisreport\2.mainmatter/1.Introduction/Introduction.aux)
(F:\WorkingFolder\thesisreport\2.mainmatter/2.Methodology/Methodology.aux)
(F:\WorkingFolder\thesisreport\2.mainmatter/Conclusion.aux)
(F:\WorkingFolder\thesisreport\2.mainmatter/Extension.aux))

LaTeX Warning: There were multiply-defined labels.

 ) 
Here is how much of TeX's memory you used:
 15307 strings out of 494045
 313253 string characters out of 3147575
 384625 words of memory out of 3000000
 18134 multiletter control sequences out of 15000+200000
 14014 words of font info for 49 fonts, out of 3000000 for 9000
 715 hyphenation exceptions out of 8191
 56i,18n,56p,1479b,539s stack positions out of 5000i,500n,10000p,200000b,50000s
<C:/Program Files (x86)/MikTex/fonts/type1/public/amsfonts/cm/cmbx10.pfb><C:/
Program Files (x86)/MikTex/fonts/type1/public/amsfonts/cm/cmbx12.pfb><C:/Progra
m Files (x86)/MikTex/fonts/type1/public/amsfonts/cm/cmbxti10.pfb><C:/Program Fi
les (x86)/MikTex/fonts/type1/public/amsfonts/cm/cmex10.pfb><C:/Program Files (x
86)/MikTex/fonts/type1/public/amsfonts/cm/cmmi10.pfb><C:/Program Files (x86)/Mi
kTex/fonts/type1/public/amsfonts/cm/cmmi12.pfb><C:/Program Files (x86)/MikTex/f
onts/type1/public/amsfonts/cm/cmmi6.pfb><C:/Program Files (x86)/MikTex/fonts/ty
pe1/public/amsfonts/cm/cmmi8.pfb><C:/Program Files (x86)/MikTex/fonts/type1/pub
lic/amsfonts/cm/cmmi9.pfb><C:/Program Files (x86)/MikTex/fonts/type1/public/ams
fonts/cm/cmr10.pfb><C:/Program Files (x86)/MikTex/fonts/type1/public/amsfonts/c
m/cmr6.pfb><C:/Program Files (x86)/MikTex/fonts/type1/public/amsfonts/cm/cmr8.p
fb><C:/Program Files (x86)/MikTex/fonts/type1/public/amsfonts/cm/cmr9.pfb><C:/P
rogram Files (x86)/MikTex/fonts/type1/public/amsfonts/cm/cmsl10.pfb><C:/Program
 Files (x86)/MikTex/fonts/type1/public/amsfonts/cm/cmsy10.pfb><C:/Program Files
 (x86)/MikTex/fonts/type1/public/amsfonts/cm/cmsy6.pfb><C:/Program Files (x86)/
MikTex/fonts/type1/public/amsfonts/cm/cmsy8.pfb><C:/Program Files (x86)/MikTex/
fonts/type1/public/amsfonts/cm/cmti10.pfb><C:/Program Files (x86)/MikTex/fonts/
type1/public/amsfonts/cm/cmti7.pfb>
Output written on Thesis.pdf (78 pages, 18166455 bytes).
PDF statistics:
 540 PDF objects out of 1000 (max. 8388607)
 0 named destinations out of 1000 (max. 500000)
 273 words of extra memory for PDF output out of 10000 (max. 10000000)

